<?xml version="1.0" encoding="UTF-8"?>
<testsuite xmlns:xsi="http://www.w3.org/2001/XMLSchema-instance" xsi:noNamespaceSchemaLocation="https://maven.apache.org/surefire/maven-surefire-plugin/xsd/surefire-test-report.xsd" name="propositionalcalculusparser.AppTest" time="0.019" tests="1" errors="0" skipped="0" failures="0">
  <properties>
    <property name="awt.toolkit" value="sun.awt.X11.XToolkit"/>
    <property name="java.specification.version" value="15"/>
    <property name="file.encoding.pkg" value="sun.io"/>
    <property name="jdk.extensions.version" value="15.0.1.0"/>
    <property name="sun.jnu.encoding" value="UTF-8"/>
    <property name="java.class.path" value="/home/knniff/java-projects/propositionalcalculusparser/target/test-classes:/home/knniff/java-projects/propositionalcalculusparser/target/classes:/home/knniff/.m2/repository/junit/junit/4.11/junit-4.11.jar:/home/knniff/.m2/repository/org/hamcrest/hamcrest-core/1.3/hamcrest-core-1.3.jar:"/>
    <property name="java.vm.vendor" value="Eclipse OpenJ9"/>
    <property name="sun.arch.data.model" value="64"/>
    <property name="com.ibm.vm.bitmode" value="64"/>
    <property name="user.variant" value=""/>
    <property name="com.ibm.oti.vm.library.version" value="29"/>
    <property name="java.vendor.url" value="https://adoptopenjdk.net/"/>
    <property name="user.timezone" value=""/>
    <property name="os.name" value="Linux"/>
    <property name="java.vm.specification.version" value="15"/>
    <property name="sun.java.launcher" value="SUN_STANDARD"/>
    <property name="user.country" value="US"/>
    <property name="sun.boot.library.path" value="/home/knniff/.sdkman/candidates/java/15.0.1.j9-adpt/lib/compressedrefs:/home/knniff/.sdkman/candidates/java/15.0.1.j9-adpt/lib"/>
    <property name="sun.java.command" value="/home/knniff/java-projects/propositionalcalculusparser/target/surefire/surefirebooter3918858799359786922.jar /home/knniff/java-projects/propositionalcalculusparser/target/surefire 2021-01-23T15-25-54_140-jvmRun1 surefire9638077311558200208tmp surefire_014425648598513376746tmp"/>
    <property name="surefire.test.class.path" value="/home/knniff/java-projects/propositionalcalculusparser/target/test-classes:/home/knniff/java-projects/propositionalcalculusparser/target/classes:/home/knniff/.m2/repository/junit/junit/4.11/junit-4.11.jar:/home/knniff/.m2/repository/org/hamcrest/hamcrest-core/1.3/hamcrest-core-1.3.jar:"/>
    <property name="sun.cpu.endian" value="little"/>
    <property name="user.home" value="/home/knniff"/>
    <property name="user.language" value="c.u"/>
    <property name="java.specification.vendor" value="Oracle Corporation"/>
    <property name="java.version.date" value="2020-10-20"/>
    <property name="java.home" value="/home/knniff/.sdkman/candidates/java/15.0.1.j9-adpt"/>
    <property name="ibm.signalhandling.rs" value="false"/>
    <property name="file.separator" value="/"/>
    <property name="jdk.extensions.name" value="Extensions for OpenJDK for Eclipse OpenJ9"/>
    <property name="basedir" value="/home/knniff/java-projects/propositionalcalculusparser"/>
    <property name="line.separator" value="&#10;"/>
    <property name="java.vm.specification.vendor" value="Oracle Corporation"/>
    <property name="java.specification.name" value="Java Platform API Specification"/>
    <property name="java.compiler" value="j9jit29"/>
    <property name="com.ibm.util.extralibs.properties" value=""/>
    <property name="java.awt.graphicsenv" value="sun.awt.X11GraphicsEnvironment"/>
    <property name="com.ibm.oti.configuration" value="scar"/>
    <property name="java.awt.fonts" value=""/>
    <property name="surefire.real.class.path" value="/home/knniff/java-projects/propositionalcalculusparser/target/surefire/surefirebooter3918858799359786922.jar"/>
    <property name="com.ibm.oti.shared.enabled" value="false"/>
    <property name="jdk.boot.class.path.append" value=""/>
    <property name="com.ibm.oti.vm.bootstrap.library.path" value="/home/knniff/.sdkman/candidates/java/15.0.1.j9-adpt/lib/compressedrefs:/home/knniff/.sdkman/candidates/java/15.0.1.j9-adpt/lib"/>
    <property name="com.ibm.cpu.endian" value="little"/>
    <property name="java.fullversion" value="15.0.1+9&#10;JRE 15 Linux amd64-64-Bit Compressed References 20201022_81 (JIT enabled, AOT enabled)&#10;OpenJ9   - 0394ef754&#10;OMR      - 582366ae5&#10;JCL      - ad583de3b5 based on jdk-15.0.1+9"/>
    <property name="java.runtime.version" value="15.0.1+9"/>
    <property name="user.name" value="knniff"/>
    <property name="path.separator" value=":"/>
    <property name="os.version" value="4.19.104-microsoft-standard"/>
    <property name="java.runtime.name" value="OpenJDK Runtime Environment"/>
    <property name="ibm.signalhandling.sigint" value="true"/>
    <property name="file.encoding" value="UTF-8"/>
    <property name="java.vm.name" value="Eclipse OpenJ9 VM"/>
    <property name="java.vendor.version" value="AdoptOpenJDK"/>
    <property name="ibm.signalhandling.sigchain" value="true"/>
    <property name="localRepository" value="/home/knniff/.m2/repository"/>
    <property name="java.vendor.url.bug" value="https://github.com/AdoptOpenJDK/openjdk-support/issues"/>
    <property name="java.io.tmpdir" value="/tmp"/>
    <property name="java.version" value="15.0.1"/>
    <property name="com.ibm.system.agent.path" value="/home/knniff/.sdkman/candidates/java/15.0.1.j9-adpt/lib"/>
    <property name="user.dir" value="/home/knniff/java-projects/propositionalcalculusparser"/>
    <property name="os.arch" value="amd64"/>
    <property name="java.vm.specification.name" value="Java Virtual Machine Specification"/>
    <property name="java.awt.printerjob" value="sun.print.PSPrinterJob"/>
    <property name="sun.nio.PageAlignDirectMemory" value="false"/>
    <property name="os.encoding" value="UTF-8"/>
    <property name="java.library.path" value="/home/knniff/.sdkman/candidates/java/15.0.1.j9-adpt/lib/compressedrefs:/home/knniff/.sdkman/candidates/java/15.0.1.j9-adpt/lib:/usr/lib64:/usr/lib"/>
    <property name="java.vendor" value="AdoptOpenJDK"/>
    <property name="java.vm.info" value="JRE 15 Linux amd64-64-Bit Compressed References 20201022_81 (JIT enabled, AOT enabled)&#10;OpenJ9   - 0394ef754&#10;OMR      - 582366ae5&#10;JCL      - ad583de3b5 based on jdk-15.0.1+9"/>
    <property name="sun.nio.MaxDirectMemorySize" value="5873401856"/>
    <property name="java.vm.version" value="openj9-0.23.0"/>
    <property name="com.ibm.jcl.checkClassPath" value=""/>
    <property name="ibm.system.encoding" value="UTF-8"/>
    <property name="sun.io.unicode.encoding" value="UnicodeLittle"/>
    <property name="java.class.version" value="59.0"/>
  </properties>
  <testcase name="shouldAnswerWithTrue" classname="propositionalcalculusparser.AppTest" time="0.001"/>
</testsuite>